<?xml version="1.0" encoding="UTF-8"?>
<testng-results ignored="0" total="1" passed="1" failed="0" skipped="0">
  <reporter-output>
  </reporter-output>
  <suite started-at="2024-04-17T15:06:28 IST" name="Default suite" finished-at="2024-04-17T15:06:42 IST" duration-ms="13541">
    <groups>
      <group name="cucumber">
        <method signature="AbstractTestNGCucumberTests.runScenario(io.cucumber.testng.PickleWrapper,io.cucumber.testng.FeatureWrapper)[pri:0, instance:TestRunner.Runner@48e1f6c7]" name="runScenario" class="io.cucumber.testng.AbstractTestNGCucumberTests"/>
      </group> <!-- cucumber -->
    </groups>
    <test started-at="2024-04-17T15:06:28 IST" name="Default test" finished-at="2024-04-17T15:06:42 IST" duration-ms="13541">
      <class name="TestRunner.Runner">
        <test-method is-config="true" signature="setUpClass(org.testng.ITestContext)[pri:0, instance:TestRunner.Runner@48e1f6c7]" started-at="2024-04-17T15:06:28 IST" name="setUpClass" finished-at="2024-04-17T15:06:28 IST" duration-ms="249" status="PASS">
          <params>
            <param index="0">
              <value>
                <![CDATA[org.testng.TestRunner@644ded04]]>
              </value>
            </param>
          </params>
          <reporter-output>
          </reporter-output>
        </test-method> <!-- setUpClass -->
        <test-method signature="runScenario(io.cucumber.testng.PickleWrapper,io.cucumber.testng.FeatureWrapper)[pri:0, instance:TestRunner.Runner@48e1f6c7]" started-at="2024-04-17T15:06:28 IST" name="runScenario" description="Runs Cucumber Scenarios" data-provider="scenarios" finished-at="2024-04-17T15:06:42 IST" duration-ms="13240" status="PASS">
          <params>
            <param index="0">
              <value>
                <![CDATA["Navigating to expert recommendation page using Paint Budget Calculator"]]>
              </value>
            </param>
            <param index="1">
              <value>
                <![CDATA["Working with Paints and Colours on Asian Paints"]]>
              </value>
            </param>
          </params>
          <reporter-output>
          </reporter-output>
        </test-method> <!-- runScenario -->
        <test-method is-config="true" signature="tearDownClass()[pri:0, instance:TestRunner.Runner@48e1f6c7]" started-at="2024-04-17T15:06:42 IST" name="tearDownClass" finished-at="2024-04-17T15:06:42 IST" duration-ms="3" status="PASS">
          <reporter-output>
          </reporter-output>
        </test-method> <!-- tearDownClass -->
      </class> <!-- TestRunner.Runner -->
    </test> <!-- Default test -->
  </suite> <!-- Default suite -->
</testng-results>
